<?xml version="1.0" encoding="UTF-8"?>
<testng-results skipped="0" failed="0" ignored="0" total="1" passed="1">
  <reporter-output>
  </reporter-output>
  <suite name="Command line suite" duration-ms="34682" started-at="2021-10-29T06:18:37Z" finished-at="2021-10-29T06:19:11Z">
    <groups>
    </groups>
    <test name="Command line test" duration-ms="34682" started-at="2021-10-29T06:18:37Z" finished-at="2021-10-29T06:19:11Z">
      <class name="appiumTest.QATechTest">
        <test-method status="PASS" signature="setUp()[pri:0, instance:appiumTest.QATechTest@5315b42e]" name="setUp" is-config="true" duration-ms="17211" started-at="2021-10-29T06:18:37Z" finished-at="2021-10-29T06:18:54Z">
          <reporter-output>
          </reporter-output>
        </test-method> <!-- setUp -->
        <test-method status="PASS" signature="ValidateCounter()[pri:0, instance:appiumTest.QATechTest@5315b42e]" name="ValidateCounter" duration-ms="16907" started-at="2021-10-29T06:18:54Z" finished-at="2021-10-29T06:19:11Z">
          <reporter-output>
          </reporter-output>
        </test-method> <!-- ValidateCounter -->
        <test-method status="PASS" signature="tearDown()[pri:0, instance:appiumTest.QATechTest@5315b42e]" name="tearDown" is-config="true" duration-ms="550" started-at="2021-10-29T06:19:11Z" finished-at="2021-10-29T06:19:11Z">
          <reporter-output>
          </reporter-output>
        </test-method> <!-- tearDown -->
      </class> <!-- appiumTest.QATechTest -->
    </test> <!-- Command line test -->
  </suite> <!-- Command line suite -->
</testng-results>
