<?xml version="1.0" encoding="UTF-8"?>
<testng-results ignored="0" total="2" passed="2" failed="0" skipped="0">
  <reporter-output>
  </reporter-output>
  <suite started-at="2021-10-29T08:05:56Z" name="Default suite" finished-at="2021-10-29T08:06:43Z" duration-ms="46404">
    <groups>
    </groups>
    <test started-at="2021-10-29T08:05:56Z" name="Default test" finished-at="2021-10-29T08:06:43Z" duration-ms="46404">
      <class name="appiumTest.QATechTest">
        <test-method is-config="true" signature="setUp()[pri:0, instance:appiumTest.QATechTest@5cdec700]" started-at="2021-10-29T08:05:56Z" name="setUp" finished-at="2021-10-29T08:06:12Z" duration-ms="16324" status="PASS">
          <reporter-output>
          </reporter-output>
        </test-method> <!-- setUp -->
        <test-method signature="IncrementCounterFromZero()[pri:1, instance:appiumTest.QATechTest@5cdec700]" started-at="2021-10-29T08:06:12Z" name="IncrementCounterFromZero" finished-at="2021-10-29T08:06:39Z" duration-ms="26202" status="PASS">
          <reporter-output>
          </reporter-output>
        </test-method> <!-- IncrementCounterFromZero -->
        <test-method signature="IncrementCounterInBetween()[pri:2, instance:appiumTest.QATechTest@5cdec700]" started-at="2021-10-29T08:06:39Z" name="IncrementCounterInBetween" finished-at="2021-10-29T08:06:42Z" duration-ms="3287" status="PASS">
          <reporter-output>
          </reporter-output>
        </test-method> <!-- IncrementCounterInBetween -->
        <test-method is-config="true" signature="tearDown()[pri:0, instance:appiumTest.QATechTest@5cdec700]" started-at="2021-10-29T08:06:42Z" name="tearDown" finished-at="2021-10-29T08:06:43Z" duration-ms="574" status="PASS">
          <reporter-output>
          </reporter-output>
        </test-method> <!-- tearDown -->
      </class> <!-- appiumTest.QATechTest -->
    </test> <!-- Default test -->
  </suite> <!-- Default suite -->
</testng-results>
