<?xml version="1.0" encoding="UTF-8"?>
<testng-results ignored="0" total="1" passed="1" failed="0" skipped="0">
  <reporter-output>
  </reporter-output>
  <suite started-at="2021-10-29T06:21:10Z" name="Default suite" finished-at="2021-10-29T06:21:49Z" duration-ms="38567">
    <groups>
    </groups>
    <test started-at="2021-10-29T06:21:10Z" name="Default test" finished-at="2021-10-29T06:21:49Z" duration-ms="38567">
      <class name="appiumTest.QATechTest">
        <test-method is-config="true" signature="setUp()[pri:0, instance:appiumTest.QATechTest@6d026701]" started-at="2021-10-29T06:21:10Z" name="setUp" finished-at="2021-10-29T06:21:26Z" duration-ms="16130" status="PASS">
          <reporter-output>
          </reporter-output>
        </test-method> <!-- setUp -->
        <test-method signature="ValidateCounter()[pri:0, instance:appiumTest.QATechTest@6d026701]" started-at="2021-10-29T06:21:26Z" name="ValidateCounter" finished-at="2021-10-29T06:21:48Z" duration-ms="21875" status="PASS">
          <reporter-output>
          </reporter-output>
        </test-method> <!-- ValidateCounter -->
        <test-method is-config="true" signature="tearDown()[pri:0, instance:appiumTest.QATechTest@6d026701]" started-at="2021-10-29T06:21:48Z" name="tearDown" finished-at="2021-10-29T06:21:49Z" duration-ms="544" status="PASS">
          <reporter-output>
          </reporter-output>
        </test-method> <!-- tearDown -->
      </class> <!-- appiumTest.QATechTest -->
    </test> <!-- Default test -->
  </suite> <!-- Default suite -->
</testng-results>
